                         Chronologic VCS (TM)
       Version O-2018.09-SP2_Full64 -- Sat Mar  7 23:59:34 2026
               Copyright (c) 1991-2018 by Synopsys Inc.
                         ALL RIGHTS RESERVED

This program is proprietary and confidential information of Synopsys Inc.
and may be used and disclosed only as authorized in a license agreement
controlling such use and disclosure.

Parsing design file '../rtl_shared_buffer_ib/package.sv'
Parsing design file '../rtl_shared_buffer_ib/input_buffer.sv'
Parsing design file '../rtl_shared_buffer_ib/fc1_weight_bank.sv'
Parsing design file '../rtl_shared_buffer_ib/fc1_bias_bank.sv'
Parsing design file '../rtl_shared_buffer_ib/cim_tile.sv'
Parsing design file '../rtl_shared_buffer_ib/psum_accum.sv'
Parsing design file '../rtl_shared_buffer_ib/fc1_ob_engine_shared_input.sv'
Parsing design file '../rtl_shared_buffer_ib/fc1_multi_block_shared_input.sv'
Parsing design file '../tb/tb_fc1_multi_block_shared_input.sv'
Top Level Modules:
       tb_fc1_multi_block_shared_input
TimeScale is 1 ns / 1 ps

Warning-[PCWM-W] Port connection width mismatch
../rtl_shared_buffer_ib/fc1_multi_block_shared_input.sv, 124
" fc1_ob_engine_shared_input #(DEFAULT_WEIGHT_HEX_FILE, DEFAULT_BIAS_HEX_FILE) GEN_OB_ENGINE[0].u_fc1_ob_engine_shared_input( .clk (clk),  .rst_n (rst_n),  .clear_psum (clear_psum),  .en_psum (en_psum),  .ib (ib),  .ob_sel ((BASE_OB + 0)),  .x_eff_tile (x_eff_tile),  .fc1_acc_block (fc1_acc_block[0]));"
  The following 32-bit expression is connected to 3-bit port "ob_sel" of 
  module "fc1_ob_engine_shared_input", instance 
  "GEN_OB_ENGINE[0].u_fc1_ob_engine_shared_input".
  Expression: (BASE_OB + 0)
  	use +lint=PCWM for more details


Warning-[PCWM-W] Port connection width mismatch
../rtl_shared_buffer_ib/fc1_multi_block_shared_input.sv, 124
" fc1_ob_engine_shared_input #(DEFAULT_WEIGHT_HEX_FILE, DEFAULT_BIAS_HEX_FILE) GEN_OB_ENGINE[1].u_fc1_ob_engine_shared_input( .clk (clk),  .rst_n (rst_n),  .clear_psum (clear_psum),  .en_psum (en_psum),  .ib (ib),  .ob_sel ((BASE_OB + 1)),  .x_eff_tile (x_eff_tile),  .fc1_acc_block (fc1_acc_block[1]));"
  The following 32-bit expression is connected to 3-bit port "ob_sel" of 
  module "fc1_ob_engine_shared_input", instance 
  "GEN_OB_ENGINE[1].u_fc1_ob_engine_shared_input".
  Expression: (BASE_OB + 1)
  	use +lint=PCWM for more details


Warning-[PCWM-W] Port connection width mismatch
../rtl_shared_buffer_ib/fc1_multi_block_shared_input.sv, 124
" fc1_ob_engine_shared_input #(DEFAULT_WEIGHT_HEX_FILE, DEFAULT_BIAS_HEX_FILE) GEN_OB_ENGINE[2].u_fc1_ob_engine_shared_input( .clk (clk),  .rst_n (rst_n),  .clear_psum (clear_psum),  .en_psum (en_psum),  .ib (ib),  .ob_sel ((BASE_OB + 2)),  .x_eff_tile (x_eff_tile),  .fc1_acc_block (fc1_acc_block[2]));"
  The following 32-bit expression is connected to 3-bit port "ob_sel" of 
  module "fc1_ob_engine_shared_input", instance 
  "GEN_OB_ENGINE[2].u_fc1_ob_engine_shared_input".
  Expression: (BASE_OB + 2)
  	use +lint=PCWM for more details


Warning-[PCWM-W] Port connection width mismatch
../rtl_shared_buffer_ib/fc1_multi_block_shared_input.sv, 124
" fc1_ob_engine_shared_input #(DEFAULT_WEIGHT_HEX_FILE, DEFAULT_BIAS_HEX_FILE) GEN_OB_ENGINE[3].u_fc1_ob_engine_shared_input( .clk (clk),  .rst_n (rst_n),  .clear_psum (clear_psum),  .en_psum (en_psum),  .ib (ib),  .ob_sel ((BASE_OB + 3)),  .x_eff_tile (x_eff_tile),  .fc1_acc_block (fc1_acc_block[3]));"
  The following 32-bit expression is connected to 3-bit port "ob_sel" of 
  module "fc1_ob_engine_shared_input", instance 
  "GEN_OB_ENGINE[3].u_fc1_ob_engine_shared_input".
  Expression: (BASE_OB + 3)
  	use +lint=PCWM for more details


Warning-[PCWM-W] Port connection width mismatch
../rtl_shared_buffer_ib/fc1_multi_block_shared_input.sv, 124
" fc1_ob_engine_shared_input #(DEFAULT_WEIGHT_HEX_FILE, DEFAULT_BIAS_HEX_FILE) GEN_OB_ENGINE[4].u_fc1_ob_engine_shared_input( .clk (clk),  .rst_n (rst_n),  .clear_psum (clear_psum),  .en_psum (en_psum),  .ib (ib),  .ob_sel ((BASE_OB + 4)),  .x_eff_tile (x_eff_tile),  .fc1_acc_block (fc1_acc_block[4]));"
  The following 32-bit expression is connected to 3-bit port "ob_sel" of 
  module "fc1_ob_engine_shared_input", instance 
  "GEN_OB_ENGINE[4].u_fc1_ob_engine_shared_input".
  Expression: (BASE_OB + 4)
  	use +lint=PCWM for more details


Warning-[PCWM-W] Port connection width mismatch
../rtl_shared_buffer_ib/fc1_multi_block_shared_input.sv, 124
" fc1_ob_engine_shared_input #(DEFAULT_WEIGHT_HEX_FILE, DEFAULT_BIAS_HEX_FILE) GEN_OB_ENGINE[5].u_fc1_ob_engine_shared_input( .clk (clk),  .rst_n (rst_n),  .clear_psum (clear_psum),  .en_psum (en_psum),  .ib (ib),  .ob_sel ((BASE_OB + 5)),  .x_eff_tile (x_eff_tile),  .fc1_acc_block (fc1_acc_block[5]));"
  The following 32-bit expression is connected to 3-bit port "ob_sel" of 
  module "fc1_ob_engine_shared_input", instance 
  "GEN_OB_ENGINE[5].u_fc1_ob_engine_shared_input".
  Expression: (BASE_OB + 5)
  	use +lint=PCWM for more details


Warning-[PCWM-W] Port connection width mismatch
../rtl_shared_buffer_ib/fc1_multi_block_shared_input.sv, 124
" fc1_ob_engine_shared_input #(DEFAULT_WEIGHT_HEX_FILE, DEFAULT_BIAS_HEX_FILE) GEN_OB_ENGINE[6].u_fc1_ob_engine_shared_input( .clk (clk),  .rst_n (rst_n),  .clear_psum (clear_psum),  .en_psum (en_psum),  .ib (ib),  .ob_sel ((BASE_OB + 6)),  .x_eff_tile (x_eff_tile),  .fc1_acc_block (fc1_acc_block[6]));"
  The following 32-bit expression is connected to 3-bit port "ob_sel" of 
  module "fc1_ob_engine_shared_input", instance 
  "GEN_OB_ENGINE[6].u_fc1_ob_engine_shared_input".
  Expression: (BASE_OB + 6)
  	use +lint=PCWM for more details


Warning-[PCWM-W] Port connection width mismatch
../rtl_shared_buffer_ib/fc1_multi_block_shared_input.sv, 124
" fc1_ob_engine_shared_input #(DEFAULT_WEIGHT_HEX_FILE, DEFAULT_BIAS_HEX_FILE) GEN_OB_ENGINE[7].u_fc1_ob_engine_shared_input( .clk (clk),  .rst_n (rst_n),  .clear_psum (clear_psum),  .en_psum (en_psum),  .ib (ib),  .ob_sel ((BASE_OB + 7)),  .x_eff_tile (x_eff_tile),  .fc1_acc_block (fc1_acc_block[7]));"
  The following 32-bit expression is connected to 3-bit port "ob_sel" of 
  module "fc1_ob_engine_shared_input", instance 
  "GEN_OB_ENGINE[7].u_fc1_ob_engine_shared_input".
  Expression: (BASE_OB + 7)
  	use +lint=PCWM for more details

Starting vcs inline pass...

9 modules and 0 UDP read.
recompiling package mnist_cim_pkg
recompiling module input_buffer
recompiling module fc1_weight_bank
recompiling module fc1_bias_bank
recompiling module cim_tile
recompiling module psum_accum
recompiling module fc1_ob_engine_shared_input
recompiling module fc1_multi_block_shared_input
recompiling module tb_fc1_multi_block_shared_input
All of 9 modules done
rm -f _csrc*.so pre_vcsobj_*.so share_vcsobj_*.so
if [ -x ../../sim/fc1_multi_block_shared_input_simv ]; then chmod -x ../../sim/fc1_multi_block_shared_input_simv; fi
g++  -o ../../sim/fc1_multi_block_shared_input_simv    -Wl,-rpath-link=./ -Wl,-rpath='$ORIGIN'/fc1_multi_block_shared_input_simv.daidir/ -Wl,-rpath=./fc1_multi_block_shared_input_simv.daidir/ -Wl,-rpath='$ORIGIN'/fc1_multi_block_shared_input_simv.daidir//scsim.db.dir  -rdynamic  -Wl,-rpath=/opt/Synopsys/VCS2018/vcs/O-2018.09-SP2/linux64/lib -L/opt/Synopsys/VCS2018/vcs/O-2018.09-SP2/linux64/lib   objs/amcQw_d.o   _16665_archive_1.so _prev_archive_1.so  SIM_l.o       rmapats_mop.o rmapats.o rmar.o rmar_nd.o  rmar_llvm_0_1.o rmar_llvm_0_0.o          -lzerosoft_rt_stubs -lvirsim -lerrorinf -lsnpsmalloc -lvfs    -lvcsnew -lsimprofile -luclinative /opt/Synopsys/VCS2018/vcs/O-2018.09-SP2/linux64/lib/vcs_tls.o   -Wl,-whole-archive -lvcsucli -Wl,-no-whole-archive        _vcs_pli_stub_.o   /opt/Synopsys/VCS2018/vcs/O-2018.09-SP2/linux64/lib/vcs_save_restore_new.o /opt/Synopsys/Verdi2018/verdi/Verdi_O-2018.09-SP2/share/PLI/VCS/LINUX64/pli.a -ldl  -lc -lm -lpthread -ldl 
../../sim/fc1_multi_block_shared_input_simv up to date
CPU time: .321 seconds to compile + .173 seconds to elab + .172 seconds to link
