                         Chronologic VCS (TM)
       Version O-2018.09-SP2_Full64 -- Sat Mar  7 23:19:06 2026
               Copyright (c) 1991-2018 by Synopsys Inc.
                         ALL RIGHTS RESERVED

This program is proprietary and confidential information of Synopsys Inc.
and may be used and disclosed only as authorized in a license agreement
controlling such use and disclosure.

Parsing design file '../rtl/package.sv'
Parsing design file '../rtl/input_buffer.sv'
Parsing design file '../rtl/fc1_weight_bank.sv'
Parsing design file '../rtl/cim_tile.sv'
Parsing design file '../rtl/psum_accum.sv'
Parsing design file '../rtl/fc1_bias_bank.sv'
Parsing design file '../rtl/fc1_cim_core_block.sv'
Parsing design file '../rtl/fc1_cim_core_dual_instance.sv'
Parsing design file '../tb/tb_fc1_cim_core_dual_instance.sv'
Top Level Modules:
       tb_fc1_cim_core_block_dual
TimeScale is 1 ns / 1 ps
Starting vcs inline pass...

9 modules and 0 UDP read.
recompiling module input_buffer
recompiling module fc1_weight_bank
recompiling module cim_tile
recompiling module psum_accum
recompiling module fc1_bias_bank
recompiling module fc1_cim_core_block
recompiling module fc1_cim_core_block_dual
recompiling module tb_fc1_cim_core_block_dual
8 of 9 modules done
	However, due to incremental compilation, only 8 modules need to be compiled. 
rm -f _csrc*.so pre_vcsobj_*.so share_vcsobj_*.so
if [ -x ../../sim/fc1_cim_core_dual_instance_simv ]; then chmod -x ../../sim/fc1_cim_core_dual_instance_simv; fi
g++  -o ../../sim/fc1_cim_core_dual_instance_simv    -Wl,-rpath-link=./ -Wl,-rpath='$ORIGIN'/fc1_cim_core_dual_instance_simv.daidir/ -Wl,-rpath=./fc1_cim_core_dual_instance_simv.daidir/ -Wl,-rpath='$ORIGIN'/fc1_cim_core_dual_instance_simv.daidir//scsim.db.dir  -rdynamic  -Wl,-rpath=/opt/Synopsys/VCS2018/vcs/O-2018.09-SP2/linux64/lib -L/opt/Synopsys/VCS2018/vcs/O-2018.09-SP2/linux64/lib   objs/amcQw_d.o   _11143_archive_1.so _prev_archive_1.so  SIM_l.o       rmapats_mop.o rmapats.o rmar.o rmar_nd.o  rmar_llvm_0_1.o rmar_llvm_0_0.o          -lzerosoft_rt_stubs -lvirsim -lerrorinf -lsnpsmalloc -lvfs    -lvcsnew -lsimprofile -luclinative /opt/Synopsys/VCS2018/vcs/O-2018.09-SP2/linux64/lib/vcs_tls.o   -Wl,-whole-archive -lvcsucli -Wl,-no-whole-archive        _vcs_pli_stub_.o   /opt/Synopsys/VCS2018/vcs/O-2018.09-SP2/linux64/lib/vcs_save_restore_new.o /opt/Synopsys/Verdi2018/verdi/Verdi_O-2018.09-SP2/share/PLI/VCS/LINUX64/pli.a -ldl  -lc -lm -lpthread -ldl 
../../sim/fc1_cim_core_dual_instance_simv up to date
CPU time: .227 seconds to compile + .272 seconds to elab + .208 seconds to link
