                         Chronologic VCS (TM)
       Version O-2018.09-SP2_Full64 -- Sun Mar  8 10:49:03 2026
               Copyright (c) 1991-2018 by Synopsys Inc.
                         ALL RIGHTS RESERVED

This program is proprietary and confidential information of Synopsys Inc.
and may be used and disclosed only as authorized in a license agreement
controlling such use and disclosure.

Parsing design file '../rtl/package.sv'
Parsing design file '../rtl/fc2_bias_bank.sv'
Parsing design file '../tb/tb_fc2_bias_bank.sv'
Top Level Modules:
       tb_fc2_bias_bank
TimeScale is 1 ns / 1 ps
Starting vcs inline pass...
3 modules and 0 UDP read.
recompiling module fc2_bias_bank
recompiling module tb_fc2_bias_bank
Both modules done.
	However, due to incremental compilation, only 2 modules need to be compiled. 
rm -f _csrc*.so pre_vcsobj_*.so share_vcsobj_*.so
if [ -x ../../sim/fc2_bias_bank_simv ]; then chmod -x ../../sim/fc2_bias_bank_simv; fi
g++  -o ../../sim/fc2_bias_bank_simv    -Wl,-rpath-link=./ -Wl,-rpath='$ORIGIN'/fc2_bias_bank_simv.daidir/ -Wl,-rpath=./fc2_bias_bank_simv.daidir/ -Wl,-rpath='$ORIGIN'/fc2_bias_bank_simv.daidir//scsim.db.dir  -rdynamic  -Wl,-rpath=/opt/Synopsys/VCS2018/vcs/O-2018.09-SP2/linux64/lib -L/opt/Synopsys/VCS2018/vcs/O-2018.09-SP2/linux64/lib   objs/amcQw_d.o   _6286_archive_1.so _prev_archive_1.so  SIM_l.o       rmapats_mop.o rmapats.o rmar.o rmar_nd.o  rmar_llvm_0_1.o rmar_llvm_0_0.o          -lzerosoft_rt_stubs -lvirsim -lerrorinf -lsnpsmalloc -lvfs    -lvcsnew -lsimprofile -luclinative /opt/Synopsys/VCS2018/vcs/O-2018.09-SP2/linux64/lib/vcs_tls.o   -Wl,-whole-archive -lvcsucli -Wl,-no-whole-archive        _vcs_pli_stub_.o   /opt/Synopsys/VCS2018/vcs/O-2018.09-SP2/linux64/lib/vcs_save_restore_new.o /opt/Synopsys/Verdi2018/verdi/Verdi_O-2018.09-SP2/share/PLI/VCS/LINUX64/pli.a -ldl  -lc -lm -lpthread -ldl 
../../sim/fc2_bias_bank_simv up to date
CPU time: .196 seconds to compile + .148 seconds to elab + .205 seconds to link
