Chronologic VCS simulator copyright 1991-2018
Contains Synopsys proprietary information.
Compiler version O-2018.09-SP2_Full64; Runtime version O-2018.09-SP2_Full64;  Mar  8 11:04 2026
Using INPUT_HEX_FILE from plusarg: ../route_b_output/input_0.hex
Using WEIGHT_HEX_FILE from plusarg: ../route_b_output/fc1_weight_int8.hex
Using FC1_BIAS_FILE from plusarg: ../route_b_output/fc1_bias_int32.hex
Using WEIGHT_HEX_FILE from plusarg: ../route_b_output/fc1_weight_int8.hex
Using FC1_BIAS_FILE from plusarg: ../route_b_output/fc1_bias_int32.hex
Using WEIGHT_HEX_FILE from plusarg: ../route_b_output/fc1_weight_int8.hex
Using FC1_BIAS_FILE from plusarg: ../route_b_output/fc1_bias_int32.hex
Using WEIGHT_HEX_FILE from plusarg: ../route_b_output/fc1_weight_int8.hex
Using FC1_BIAS_FILE from plusarg: ../route_b_output/fc1_bias_int32.hex
Using WEIGHT_HEX_FILE from plusarg: ../route_b_output/fc1_weight_int8.hex
Using FC1_BIAS_FILE from plusarg: ../route_b_output/fc1_bias_int32.hex
Using WEIGHT_HEX_FILE from plusarg: ../route_b_output/fc1_weight_int8.hex
Using FC1_BIAS_FILE from plusarg: ../route_b_output/fc1_bias_int32.hex
Using WEIGHT_HEX_FILE from plusarg: ../route_b_output/fc1_weight_int8.hex
Using FC1_BIAS_FILE from plusarg: ../route_b_output/fc1_bias_int32.hex
Using WEIGHT_HEX_FILE from plusarg: ../route_b_output/fc1_weight_int8.hex
Using FC1_BIAS_FILE from plusarg: ../route_b_output/fc1_bias_int32.hex
Using FC2_WEIGHT_HEX_FILE from plusarg: ../route_b_output/fc2_weight_int8.hex
Using FC2_BIAS_FILE from plusarg: ../route_b_output/fc2_bias_int32.hex
TB using INPUT_HEX_FILE: ../route_b_output/input_0.hex
TB using WEIGHT_HEX_FILE: ../route_b_output/fc1_weight_int8.hex
TB using FC1_BIAS_FILE: ../route_b_output/fc1_bias_int32.hex
TB using FC2_WEIGHT_HEX_FILE: ../route_b_output/fc2_weight_int8.hex
TB using FC2_BIAS_FILE: ../route_b_output/fc2_bias_int32.hex
TB using LOGITS_FILE: ../route_b_output/logits_0.hex
TB using PRED_FILE: ../route_b_output/pred_0.txt
Checking logits_all ...
MATCH LOGIT idx=0 value=-15
MATCH LOGIT idx=1 value=-50
MATCH LOGIT idx=2 value=-1
MATCH LOGIT idx=3 value=10
MATCH LOGIT idx=4 value=-56
MATCH LOGIT idx=5 value=-20
MATCH LOGIT idx=6 value=-72
MATCH LOGIT idx=7 value=41
MATCH LOGIT idx=8 value=-15
MATCH LOGIT idx=9 value=-15
Checking pred_class ...
MATCH PRED value=7
PASS: mnist_inference_top matches logits_0.hex and pred_0.txt.
$finish called from file "../tb/tb_mnist_inference_top.sv", line 145.
$finish at simulation time               536000
           V C S   S i m u l a t i o n   R e p o r t 
Time: 536000 ps
CPU Time:      0.230 seconds;       Data structure size:   3.3Mb
Sun Mar  8 11:04:42 2026
