Chronologic VCS simulator copyright 1991-2018
Contains Synopsys proprietary information.
Compiler version O-2018.09-SP2_Full64; Runtime version O-2018.09-SP2_Full64;  Mar  7 23:19 2026
Using INPUT_HEX_FILE from plusarg: ../route_b_output/input_0.hex
Using WEIGHT_HEX_FILE from plusarg: ../route_b_output/fc1_weight_int8.hex
Using FC1_BIAS_FILE from plusarg: ../route_b_output/fc1_bias_int32.hex
Using INPUT_HEX_FILE from plusarg: ../route_b_output/input_0.hex
Using WEIGHT_HEX_FILE from plusarg: ../route_b_output/fc1_weight_int8.hex
Using FC1_BIAS_FILE from plusarg: ../route_b_output/fc1_bias_int32.hex
Using INPUT_HEX_FILE from plusarg: ../route_b_output/input_0.hex
Using WEIGHT_HEX_FILE from plusarg: ../route_b_output/fc1_weight_int8.hex
Using FC1_BIAS_FILE from plusarg: ../route_b_output/fc1_bias_int32.hex
Using INPUT_HEX_FILE from plusarg: ../route_b_output/input_0.hex
Using WEIGHT_HEX_FILE from plusarg: ../route_b_output/fc1_weight_int8.hex
Using FC1_BIAS_FILE from plusarg: ../route_b_output/fc1_bias_int32.hex
TB using FC1_ACC_FILE: ../route_b_output/fc1_acc_0.hex
Checking block0 (ob=0) ...
MATCH block0 idx=0 value=-30778
MATCH block0 idx=1 value=-33761
MATCH block0 idx=2 value=-26292
MATCH block0 idx=3 value=32890
MATCH block0 idx=4 value=84961
MATCH block0 idx=5 value=82286
MATCH block0 idx=6 value=-42871
MATCH block0 idx=7 value=-83495
MATCH block0 idx=8 value=14476
MATCH block0 idx=9 value=143175
MATCH block0 idx=10 value=50796
MATCH block0 idx=11 value=204030
MATCH block0 idx=12 value=27237
MATCH block0 idx=13 value=-70958
MATCH block0 idx=14 value=-7987
MATCH block0 idx=15 value=69688
Checking block1 (ob=1) ...
MATCH block1 idx=0 value=88057
MATCH block1 idx=1 value=-30428
MATCH block1 idx=2 value=103647
MATCH block1 idx=3 value=74590
MATCH block1 idx=4 value=181469
MATCH block1 idx=5 value=-11999
MATCH block1 idx=6 value=33262
MATCH block1 idx=7 value=22503
MATCH block1 idx=8 value=12667
MATCH block1 idx=9 value=-71001
MATCH block1 idx=10 value=89749
MATCH block1 idx=11 value=-41266
MATCH block1 idx=12 value=17780
MATCH block1 idx=13 value=45129
MATCH block1 idx=14 value=-40512
MATCH block1 idx=15 value=39422
PASS: dual fc1_cim_core_block matches ob=0 and ob=1.
$finish called from file "../tb/tb_fc1_cim_core_dual_instance.sv", line 92.
$finish at simulation time               536000
           V C S   S i m u l a t i o n   R e p o r t 
Time: 536000 ps
CPU Time:      0.160 seconds;       Data structure size:   0.8Mb
Sat Mar  7 23:19:07 2026
