Chronologic VCS simulator copyright 1991-2018
Contains Synopsys proprietary information.
Compiler version O-2018.09-SP2_Full64; Runtime version O-2018.09-SP2_Full64;  Mar  7 14:02 2026

Warning-[STASKW_CO1] Cannot open file
  The file 
  '../../CIM-sw-version1/sw/train&quantize/route_b_output/input_0.hex' could 
  not be opened. No such file or directory.
  Please ensure that the file exists with proper permissions.


Warning-[STASKW_RMCOF] Cannot open file
../rtl/input_buffer.sv, 18
  Cannot open file 
  '../../CIM-sw-version1/sw/train&quantize/route_b_output/input_0.hex' passed 
  as argument to $readmem.
  Please verify that the first argument to $readmem is a file that exists with
  proper permissions.


Warning-[STASKW_CO1] Cannot open file
  The file 
  '../../CIM-sw-version1/sw/train&quantize/route_b_output/input_0.hex' could 
  not be opened. No such file or directory.
  Please ensure that the file exists with proper permissions.


Warning-[STASKW_RMCOF] Cannot open file
../tb/tb_input_buffer.sv, 30
  Cannot open file 
  '../../CIM-sw-version1/sw/train&quantize/route_b_output/input_0.hex' passed 
  as argument to $readmem.
  Please verify that the first argument to $readmem is a file that exists with
  proper permissions.

Checking input block 0...
Checking input block 1...
Checking last input block...
PASS: input_buffer block extraction is correct.
$finish called from file "../tb/tb_input_buffer.sv", line 109.
$finish at simulation time                 3000
           V C S   S i m u l a t i o n   R e p o r t 
Time: 3000 ps
CPU Time:      0.160 seconds;       Data structure size:   0.0Mb
Sat Mar  7 14:02:46 2026
