                         Chronologic VCS (TM)
       Version O-2018.09-SP2_Full64 -- Mon Mar  9 13:15:19 2026
               Copyright (c) 1991-2018 by Synopsys Inc.
                         ALL RIGHTS RESERVED

This program is proprietary and confidential information of Synopsys Inc.
and may be used and disclosed only as authorized in a license agreement
controlling such use and disclosure.

Parsing design file '../rtl/package.sv'
Parsing design file '../rtl_ip/mnist_sample_rom.sv'
Parsing design file '../tb/tb_mnist_sample_rom.sv'
Top Level Modules:
       tb_mnist_sample_rom
TimeScale is 1 ns / 1 ps
Starting vcs inline pass...
3 modules and 0 UDP read.
recompiling package mnist_cim_pkg
recompiling module mnist_sample_rom
recompiling module tb_mnist_sample_rom
All of 3 modules done
rm -f _csrc*.so pre_vcsobj_*.so share_vcsobj_*.so
if [ -x ../../sim/tb_mnist_sample_rom_simv ]; then chmod -x ../../sim/tb_mnist_sample_rom_simv; fi
g++  -o ../../sim/tb_mnist_sample_rom_simv    -Wl,-rpath-link=./ -Wl,-rpath='$ORIGIN'/tb_mnist_sample_rom_simv.daidir/ -Wl,-rpath=./tb_mnist_sample_rom_simv.daidir/ -Wl,-rpath='$ORIGIN'/tb_mnist_sample_rom_simv.daidir//scsim.db.dir  -rdynamic  -Wl,-rpath=/opt/Synopsys/VCS2018/vcs/O-2018.09-SP2/linux64/lib -L/opt/Synopsys/VCS2018/vcs/O-2018.09-SP2/linux64/lib   objs/amcQw_d.o   _8478_archive_1.so  SIM_l.o       rmapats_mop.o rmapats.o rmar.o rmar_nd.o  rmar_llvm_0_1.o rmar_llvm_0_0.o          -lzerosoft_rt_stubs -lvirsim -lerrorinf -lsnpsmalloc -lvfs    -lvcsnew -lsimprofile -luclinative /opt/Synopsys/VCS2018/vcs/O-2018.09-SP2/linux64/lib/vcs_tls.o   -Wl,-whole-archive -lvcsucli -Wl,-no-whole-archive        _vcs_pli_stub_.o   /opt/Synopsys/VCS2018/vcs/O-2018.09-SP2/linux64/lib/vcs_save_restore_new.o /opt/Synopsys/Verdi2018/verdi/Verdi_O-2018.09-SP2/share/PLI/VCS/LINUX64/pli.a -ldl  -lc -lm -lpthread -ldl 
../../sim/tb_mnist_sample_rom_simv up to date
CPU time: .222 seconds to compile + .131 seconds to elab + .268 seconds to link
