                         Chronologic VCS (TM)
       Version O-2018.09-SP2_Full64 -- Mon Mar  9 14:36:37 2026
               Copyright (c) 1991-2018 by Synopsys Inc.
                         ALL RIGHTS RESERVED

This program is proprietary and confidential information of Synopsys Inc.
and may be used and disclosed only as authorized in a license agreement
controlling such use and disclosure.

Parsing design file '../rtl/package.sv'
Parsing design file '../rtl/quantize_param_bank.sv'
Parsing design file '../rtl/fc1_relu_requantize_with_file.sv'
Parsing design file '../rtl/fc2_weight_bank.sv'
Parsing design file '../rtl/fc2_bias_bank.sv'
Parsing design file '../rtl/fc2_core_with_file.sv'
Parsing design file '../rtl/fc1_to_fc2_top_with_file.sv'
Parsing design file '../rtl/argmax_int8.sv'
Parsing design file '../rtl_ip/mnist_sample_rom.sv'
Parsing design file '../rtl_shared_buffer_ib/cim_tile.sv'
Parsing design file '../rtl_shared_buffer_ib/psum_accum.sv'
Parsing design file '../rtl_shared_buffer_ib/fc1_weight_bank.sv'
Parsing design file '../rtl_shared_buffer_ib/fc1_bias_bank.sv'
Parsing design file '../rtl_shared_buffer_ib/fc1_ob_engine_shared_input.sv'
Parsing design file '../rtl_ip/fc1_multi_block_shared_sample_rom.sv'
Parsing design file '../rtl_ip/mnist_inference_core_board.sv'
Parsing design file '../rtl_ip/uart_tx.sv'
Parsing design file '../rtl_ip/uart_pred_sender.sv'
Parsing design file '../rtl_ip/mnist_cim_demo_a_top.sv'
Parsing design file '../tb/tb_mnist_cim_demo_a_top.sv'
Top Level Modules:
       tb_mnist_cim_demo_a_top
TimeScale is 1 ns / 1 ps
Starting vcs inline pass...
16 modules and 0 UDP read.
recompiling module tb_mnist_cim_demo_a_top
	However, due to incremental compilation, only 1 module needs to be compiled. 
rm -f _csrc*.so pre_vcsobj_*.so share_vcsobj_*.so
ld -shared  -Bsymbolic  -o .//../../sim/tb_mnist_cim_demo_a_top_simv.daidir//_csrc0.so objs/amcQw_d.o 
rm -f _csrc0.so
if [ -x ../../sim/tb_mnist_cim_demo_a_top_simv ]; then chmod -x ../../sim/tb_mnist_cim_demo_a_top_simv; fi
g++  -o ../../sim/tb_mnist_cim_demo_a_top_simv    -Wl,-rpath-link=./ -Wl,-rpath='$ORIGIN'/tb_mnist_cim_demo_a_top_simv.daidir/ -Wl,-rpath=./tb_mnist_cim_demo_a_top_simv.daidir/ -Wl,-rpath='$ORIGIN'/tb_mnist_cim_demo_a_top_simv.daidir//scsim.db.dir  -rdynamic  -Wl,-rpath=/opt/Synopsys/VCS2018/vcs/O-2018.09-SP2/linux64/lib -L/opt/Synopsys/VCS2018/vcs/O-2018.09-SP2/linux64/lib     _28783_archive_1.so _prev_archive_1.so _csrc0.so  SIM_l.o  _csrc0.so     rmapats_mop.o rmapats.o rmar.o rmar_nd.o  rmar_llvm_0_1.o rmar_llvm_0_0.o          -lzerosoft_rt_stubs -lvirsim -lerrorinf -lsnpsmalloc -lvfs    -lvcsnew -lsimprofile -luclinative /opt/Synopsys/VCS2018/vcs/O-2018.09-SP2/linux64/lib/vcs_tls.o   -Wl,-whole-archive -lvcsucli -Wl,-no-whole-archive        _vcs_pli_stub_.o   /opt/Synopsys/VCS2018/vcs/O-2018.09-SP2/linux64/lib/vcs_save_restore_new.o /opt/Synopsys/Verdi2018/verdi/Verdi_O-2018.09-SP2/share/PLI/VCS/LINUX64/pli.a -ldl  -lc -lm -lpthread -ldl 
../../sim/tb_mnist_cim_demo_a_top_simv up to date
CPU time: .338 seconds to compile + .194 seconds to elab + .207 seconds to link
