                         Chronologic VCS (TM)
       Version O-2018.09-SP2_Full64 -- Mon Mar  9 13:30:45 2026
               Copyright (c) 1991-2018 by Synopsys Inc.
                         ALL RIGHTS RESERVED

This program is proprietary and confidential information of Synopsys Inc.
and may be used and disclosed only as authorized in a license agreement
controlling such use and disclosure.

Parsing design file '../rtl_ip/uart_tx.sv'
Parsing design file '../rtl_ip/uart_pred_sender.sv'
Parsing design file '../tb/tb_uart_pred_sender.sv'
Top Level Modules:
       tb_uart_pred_sender
TimeScale is 1 ns / 1 ps
Starting vcs inline pass...
1 module and 0 UDP read.
recompiling module tb_uart_pred_sender
rm -f _csrc*.so pre_vcsobj_*.so share_vcsobj_*.so
ld -shared  -Bsymbolic  -o .//../../sim/tb_uart_pred_sender_simv.daidir//_csrc0.so objs/amcQw_d.o 
rm -f _csrc0.so
if [ -x ../../sim/tb_uart_pred_sender_simv ]; then chmod -x ../../sim/tb_uart_pred_sender_simv; fi
g++  -o ../../sim/tb_uart_pred_sender_simv    -Wl,-rpath-link=./ -Wl,-rpath='$ORIGIN'/tb_uart_pred_sender_simv.daidir/ -Wl,-rpath=./tb_uart_pred_sender_simv.daidir/ -Wl,-rpath='$ORIGIN'/tb_uart_pred_sender_simv.daidir//scsim.db.dir  -rdynamic  -Wl,-rpath=/opt/Synopsys/VCS2018/vcs/O-2018.09-SP2/linux64/lib -L/opt/Synopsys/VCS2018/vcs/O-2018.09-SP2/linux64/lib     _15966_archive_1.so _prev_archive_1.so _csrc0.so  SIM_l.o  _csrc0.so     rmapats_mop.o rmapats.o rmar.o rmar_nd.o  rmar_llvm_0_1.o rmar_llvm_0_0.o          -lzerosoft_rt_stubs -lvirsim -lerrorinf -lsnpsmalloc -lvfs    -lvcsnew -lsimprofile -luclinative /opt/Synopsys/VCS2018/vcs/O-2018.09-SP2/linux64/lib/vcs_tls.o   -Wl,-whole-archive -lvcsucli -Wl,-no-whole-archive        _vcs_pli_stub_.o   /opt/Synopsys/VCS2018/vcs/O-2018.09-SP2/linux64/lib/vcs_save_restore_new.o /opt/Synopsys/Verdi2018/verdi/Verdi_O-2018.09-SP2/share/PLI/VCS/LINUX64/pli.a -ldl  -lc -lm -lpthread -ldl 
../../sim/tb_uart_pred_sender_simv up to date
CPU time: .188 seconds to compile + .189 seconds to elab + .176 seconds to link
