
*** Running vivado
    with args -log mnist_cim_demo_a_top.vds -m64 -product Vivado -mode batch -messageDb vivado.pb -notrace -source mnist_cim_demo_a_top.tcl


****** Vivado v2024.2 (64-bit)
  **** SW Build 5239630 on Fri Nov 08 22:34:34 MST 2024
  **** IP Build 5239520 on Sun Nov 10 16:12:51 MST 2024
  **** SharedData Build 5239561 on Fri Nov 08 14:39:27 MST 2024
  **** Start of session at: Mon Mar  9 21:22:57 2026
    ** Copyright 1986-2022 Xilinx, Inc. All Rights Reserved.
    ** Copyright 2022-2024 Advanced Micro Devices, Inc. All Rights Reserved.

source mnist_cim_demo_a_top.tcl -notrace
Command: synth_design -top mnist_cim_demo_a_top -part xc7z020clg400-1
Starting synth_design
Attempting to get a license for feature 'Synthesis' and/or device 'xc7z020'
INFO: [Common 17-349] Got license for feature 'Synthesis' and/or device 'xc7z020'
INFO: [Device 21-403] Loading part xc7z020clg400-1
INFO: [Synth 8-7079] Multithreading enabled for synth_design using a maximum of 7 processes.
INFO: [Synth 8-7078] Launching helper process for spawning children vivado processes
INFO: [Synth 8-7075] Helper process launched with PID 137087
---------------------------------------------------------------------------------
Starting RTL Elaboration : Time (s): cpu = 00:00:04 ; elapsed = 00:00:04 . Memory (MB): peak = 1926.297 ; gain = 427.832 ; free physical = 189 ; free virtual = 21275
---------------------------------------------------------------------------------
WARNING: [Synth 8-11067] parameter 'INPUT_DIM' declared inside package 'mnist_cim_pkg' shall be treated as localparam [/home/jiao/shared/onboard_A/rtl/pkg/package.sv:8]
WARNING: [Synth 8-11067] parameter 'HIDDEN_DIM' declared inside package 'mnist_cim_pkg' shall be treated as localparam [/home/jiao/shared/onboard_A/rtl/pkg/package.sv:9]
WARNING: [Synth 8-11067] parameter 'OUTPUT_DIM' declared inside package 'mnist_cim_pkg' shall be treated as localparam [/home/jiao/shared/onboard_A/rtl/pkg/package.sv:10]
WARNING: [Synth 8-11067] parameter 'TILE_INPUT_SIZE' declared inside package 'mnist_cim_pkg' shall be treated as localparam [/home/jiao/shared/onboard_A/rtl/pkg/package.sv:15]
WARNING: [Synth 8-11067] parameter 'TILE_OUTPUT_SIZE' declared inside package 'mnist_cim_pkg' shall be treated as localparam [/home/jiao/shared/onboard_A/rtl/pkg/package.sv:16]
WARNING: [Synth 8-11067] parameter 'N_INPUT_BLOCKS' declared inside package 'mnist_cim_pkg' shall be treated as localparam [/home/jiao/shared/onboard_A/rtl/pkg/package.sv:21]
WARNING: [Synth 8-11067] parameter 'N_OUTPUT_BLOCKS' declared inside package 'mnist_cim_pkg' shall be treated as localparam [/home/jiao/shared/onboard_A/rtl/pkg/package.sv:22]
WARNING: [Synth 8-11067] parameter 'INPUT_WIDTH' declared inside package 'mnist_cim_pkg' shall be treated as localparam [/home/jiao/shared/onboard_A/rtl/pkg/package.sv:27]
WARNING: [Synth 8-11067] parameter 'WEIGHT_WIDTH' declared inside package 'mnist_cim_pkg' shall be treated as localparam [/home/jiao/shared/onboard_A/rtl/pkg/package.sv:28]
WARNING: [Synth 8-11067] parameter 'BIAS_WIDTH' declared inside package 'mnist_cim_pkg' shall be treated as localparam [/home/jiao/shared/onboard_A/rtl/pkg/package.sv:29]
WARNING: [Synth 8-11067] parameter 'PSUM_WIDTH' declared inside package 'mnist_cim_pkg' shall be treated as localparam [/home/jiao/shared/onboard_A/rtl/pkg/package.sv:30]
WARNING: [Synth 8-11067] parameter 'OUTPUT_WIDTH' declared inside package 'mnist_cim_pkg' shall be treated as localparam [/home/jiao/shared/onboard_A/rtl/pkg/package.sv:31]
WARNING: [Synth 8-11067] parameter 'X_EFF_WIDTH' declared inside package 'mnist_cim_pkg' shall be treated as localparam [/home/jiao/shared/onboard_A/rtl/pkg/package.sv:34]
WARNING: [Synth 8-11067] parameter 'INPUT_ZERO_POINT' declared inside package 'mnist_cim_pkg' shall be treated as localparam [/home/jiao/shared/onboard_A/rtl/pkg/package.sv:39]
WARNING: [Synth 8-11067] parameter 'FC1_WEIGHT_ZERO_POINT' declared inside package 'mnist_cim_pkg' shall be treated as localparam [/home/jiao/shared/onboard_A/rtl/pkg/package.sv:40]
WARNING: [Synth 8-11067] parameter 'FC1_OUTPUT_ZERO_POINT' declared inside package 'mnist_cim_pkg' shall be treated as localparam [/home/jiao/shared/onboard_A/rtl/pkg/package.sv:41]
WARNING: [Synth 8-11067] parameter 'FC1_IN_DIM' declared inside package 'mnist_cim_pkg' shall be treated as localparam [/home/jiao/shared/onboard_A/rtl/pkg/package.sv:47]
WARNING: [Synth 8-11067] parameter 'FC1_OUT_DIM' declared inside package 'mnist_cim_pkg' shall be treated as localparam [/home/jiao/shared/onboard_A/rtl/pkg/package.sv:48]
WARNING: [Synth 8-11067] parameter 'FC2_IN_DIM' declared inside package 'mnist_cim_pkg' shall be treated as localparam [/home/jiao/shared/onboard_A/rtl/pkg/package.sv:50]
WARNING: [Synth 8-11067] parameter 'FC2_OUT_DIM' declared inside package 'mnist_cim_pkg' shall be treated as localparam [/home/jiao/shared/onboard_A/rtl/pkg/package.sv:51]
WARNING: [Synth 8-11067] parameter 'FC1_WEIGHT_DEPTH' declared inside package 'mnist_cim_pkg' shall be treated as localparam [/home/jiao/shared/onboard_A/rtl/pkg/package.sv:58]
WARNING: [Synth 8-11067] parameter 'FC1_BIAS_DEPTH' declared inside package 'mnist_cim_pkg' shall be treated as localparam [/home/jiao/shared/onboard_A/rtl/pkg/package.sv:59]
WARNING: [Synth 8-11067] parameter 'FC2_WEIGHT_DEPTH' declared inside package 'mnist_cim_pkg' shall be treated as localparam [/home/jiao/shared/onboard_A/rtl/pkg/package.sv:60]
WARNING: [Synth 8-11067] parameter 'FC2_BIAS_DEPTH' declared inside package 'mnist_cim_pkg' shall be treated as localparam [/home/jiao/shared/onboard_A/rtl/pkg/package.sv:61]
INFO: [Synth 8-6157] synthesizing module 'mnist_cim_demo_a_top' [/home/jiao/shared/onboard_A/rtl/top/mnist_cim_demo_a_top.sv:3]
INFO: [Synth 8-251] [TOP] SIM_BYPASS_DEBOUNCE=0, use real debounce [/home/jiao/shared/onboard_A/rtl/top/mnist_cim_demo_a_top.sv:50]
INFO: [Synth 8-6157] synthesizing module 'debounce' [/home/jiao/shared/onboard_A/rtl/ctrl/debounce.sv:2]
	Parameter CLK_HZ bound to: 32'sb00000111011100110101100101000000 
	Parameter DEBOUNCE_MS bound to: 32'sb00000000000000000000000000010100 
INFO: [Synth 8-6155] done synthesizing module 'debounce' (0#1) [/home/jiao/shared/onboard_A/rtl/ctrl/debounce.sv:2]
INFO: [Synth 8-6157] synthesizing module 'onepulse' [/home/jiao/shared/onboard_A/rtl/ctrl/onepulse.sv:2]
INFO: [Synth 8-6155] done synthesizing module 'onepulse' (0#1) [/home/jiao/shared/onboard_A/rtl/ctrl/onepulse.sv:2]
INFO: [Synth 8-6157] synthesizing module 'mnist_inference_core_board' [/home/jiao/shared/onboard_A/rtl/core/mnist_inference_core_board.sv:2]
	Parameter N_SAMPLES bound to: 32'sb00000000000000000000000000010100 
	Parameter DEFAULT_SAMPLE_HEX_FILE bound to: ../data/samples/mnist_samples_route_b_output_2.hex - type: string 
	Parameter DEFAULT_FC1_WEIGHT_HEX_FILE bound to: ../data/weights/fc1_weight_int8.hex - type: string 
	Parameter DEFAULT_FC1_BIAS_HEX_FILE bound to: ../data/weights/fc1_bias_int32.hex - type: string 
	Parameter DEFAULT_QUANT_PARAM_FILE bound to: ../data/quant/quant_params.hex - type: string 
	Parameter DEFAULT_FC2_WEIGHT_HEX_FILE bound to: ../data/weights/fc2_weight_int8.hex - type: string 
	Parameter DEFAULT_FC2_BIAS_HEX_FILE bound to: ../data/weights/fc2_bias_int32.hex - type: string 
INFO: [Synth 8-6157] synthesizing module 'fc1_multi_block_shared_sample_rom' [/home/jiao/shared/onboard_A/rtl/mem/fc1_multi_block_shared_sample_rom.sv:2]
	Parameter PAR_OB bound to: 32'sb00000000000000000000000000001000 
	Parameter BASE_OB bound to: 32'sb00000000000000000000000000000000 
	Parameter N_SAMPLES bound to: 32'sb00000000000000000000000000010100 
	Parameter DEFAULT_SAMPLE_HEX_FILE bound to: ../data/samples/mnist_samples_route_b_output_2.hex - type: string 
	Parameter DEFAULT_WEIGHT_HEX_FILE bound to: ../data/weights/fc1_weight_int8.hex - type: string 
	Parameter DEFAULT_BIAS_HEX_FILE bound to: ../data/weights/fc1_bias_int32.hex - type: string 
INFO: [Synth 8-6157] synthesizing module 'fc1_ob_engine_shared_input' [/home/jiao/shared/onboard_A/rtl/core/fc1_ob_engine_shared_input.sv:2]
	Parameter DEFAULT_WEIGHT_HEX_FILE bound to: ../data/weights/fc1_weight_int8.hex - type: string 
	Parameter DEFAULT_BIAS_HEX_FILE bound to: ../data/weights/fc1_bias_int32.hex - type: string 
INFO: [Synth 8-6157] synthesizing module 'fc1_weight_bank' [/home/jiao/shared/onboard_A/rtl/mem/fc1_weight_bank.sv:2]
	Parameter DEFAULT_WEIGHT_HEX_FILE bound to: ../data/weights/fc1_weight_int8.hex - type: string 
ERROR: [Synth 8-27] string type not supported [/home/jiao/shared/onboard_A/rtl/mem/fc1_weight_bank.sv:15]
ERROR: [Synth 8-6156] failed synthesizing module 'fc1_weight_bank' [/home/jiao/shared/onboard_A/rtl/mem/fc1_weight_bank.sv:2]
ERROR: [Synth 8-6156] failed synthesizing module 'fc1_ob_engine_shared_input' [/home/jiao/shared/onboard_A/rtl/core/fc1_ob_engine_shared_input.sv:2]
ERROR: [Synth 8-196] conditional expression could not be resolved to a constant [/home/jiao/shared/onboard_A/rtl/mem/fc1_multi_block_shared_sample_rom.sv:125]
ERROR: [Synth 8-6156] failed synthesizing module 'fc1_multi_block_shared_sample_rom' [/home/jiao/shared/onboard_A/rtl/mem/fc1_multi_block_shared_sample_rom.sv:2]
ERROR: [Synth 8-6156] failed synthesizing module 'mnist_inference_core_board' [/home/jiao/shared/onboard_A/rtl/core/mnist_inference_core_board.sv:2]
ERROR: [Synth 8-6156] failed synthesizing module 'mnist_cim_demo_a_top' [/home/jiao/shared/onboard_A/rtl/top/mnist_cim_demo_a_top.sv:3]
---------------------------------------------------------------------------------
Finished RTL Elaboration : Time (s): cpu = 00:00:05 ; elapsed = 00:00:06 . Memory (MB): peak = 2002.266 ; gain = 503.801 ; free physical = 264 ; free virtual = 21207
---------------------------------------------------------------------------------
RTL Elaboration failed
INFO: [Common 17-83] Releasing license: Synthesis
16 Infos, 24 Warnings, 0 Critical Warnings and 8 Errors encountered.
synth_design failed
ERROR: [Common 17-69] Command failed: Synthesis failed - please see the console or run log file for details
INFO: [Common 17-206] Exiting Vivado at Mon Mar  9 21:23:11 2026...
