                         Chronologic VCS (TM)
       Version O-2018.09-SP2_Full64 -- Mon Mar  9 20:29:51 2026
               Copyright (c) 1991-2018 by Synopsys Inc.
                         ALL RIGHTS RESERVED

This program is proprietary and confidential information of Synopsys Inc.
and may be used and disclosed only as authorized in a license agreement
controlling such use and disclosure.


Warning-[LCA_FEATURES_ENABLED] Usage warning
  LCA features enabled by '-lca' argument on the command line.  For more 
  information regarding list of LCA features please refer to Chapter "LCA 
  features" in the VCS/VCS-MX Release Notes

Parsing design file '../rtl/pkg/package.sv'
Parsing design file '../rtl/core/cim_tile.sv'
Parsing design file '../rtl/core/psum_accum.sv'
Parsing design file '../rtl/core/input_buffer.sv'
Parsing design file '../rtl/mem/fc1_weight_bank.sv'
Parsing design file '../rtl/mem/fc1_bias_bank.sv'
Parsing design file '../rtl/core/fc1_ob_engine_shared_input.sv'
Parsing design file '../rtl/mem/mnist_sample_rom.sv'
Parsing design file '../rtl/mem/fc1_multi_block_shared_sample_rom.sv'
Parsing design file '../rtl/core/fc1_multi_block_shared_input.sv'
Parsing design file '../rtl/mem/quantize_param_bank.sv'
Parsing design file '../rtl/core/fc1_relu_requantize_with_file.sv'
Parsing design file '../rtl/mem/fc2_weight_bank.sv'
Parsing design file '../rtl/mem/fc2_bias_bank.sv'
Parsing design file '../rtl/core/fc2_core_with_file.sv'
Parsing design file '../rtl/core/argmax_int8.sv'
Parsing design file '../rtl/core/fc1_to_fc2_top_with_file.sv'
Parsing design file '../rtl/core/mnist_inference_core_board.sv'
Parsing design file '../rtl/uart/uart_tx.sv'
Parsing design file '../rtl/uart/uart_pred_sender.sv'
Parsing design file '../rtl/top/mnist_cim_demo_a_top.sv'
Parsing design file '../tb/tb_mnist_cim_demo_a_top.sv'
Parsing design file '../rtl/ctrl/debounce.sv'
Parsing design file '../rtl/ctrl/onepulse.sv'
Top Level Modules:
       fc1_multi_block_shared_input
       tb_mnist_cim_demo_a_top
TimeScale is 1 ns / 1 ps
Starting vcs inline pass...
18 modules and 0 UDP read.
recompiling package mnist_cim_pkg
recompiling module cim_tile
recompiling module psum_accum
recompiling module input_buffer
recompiling module fc1_weight_bank
recompiling module fc1_bias_bank
recompiling module fc1_ob_engine_shared_input
recompiling module mnist_sample_rom
recompiling module fc1_multi_block_shared_sample_rom
recompiling module fc1_multi_block_shared_input
recompiling module fc1_relu_requantize_with_file
recompiling module fc2_weight_bank
recompiling module fc2_bias_bank
recompiling module fc2_core_with_file
recompiling module argmax_int8
recompiling module fc1_to_fc2_top_with_file
recompiling module mnist_inference_core_board
recompiling module tb_mnist_cim_demo_a_top
All of 18 modules done
rm -f _csrc*.so pre_vcsobj_*.so share_vcsobj_*.so
if [ -x ../../sim/tb_mnist_cim_demo_a_top_simv ]; then chmod -x ../../sim/tb_mnist_cim_demo_a_top_simv; fi
g++  -o ../../sim/tb_mnist_cim_demo_a_top_simv    -Wl,-rpath-link=./ -Wl,-rpath='$ORIGIN'/tb_mnist_cim_demo_a_top_simv.daidir/ -Wl,-rpath=./tb_mnist_cim_demo_a_top_simv.daidir/ -Wl,-rpath='$ORIGIN'/tb_mnist_cim_demo_a_top_simv.daidir//scsim.db.dir  -rdynamic  -Wl,-rpath=/opt/Synopsys/VCS2018/vcs/O-2018.09-SP2/linux64/lib -L/opt/Synopsys/VCS2018/vcs/O-2018.09-SP2/linux64/lib   objs/amcQw_d.o   _28157_archive_1.so  SIM_l.o       rmapats_mop.o rmapats.o rmar.o rmar_nd.o  rmar_llvm_0_1.o rmar_llvm_0_0.o          -lzerosoft_rt_stubs -lvirsim -lerrorinf -lsnpsmalloc -lvfs    -lvcsnew -lsimprofile -luclinative /opt/Synopsys/VCS2018/vcs/O-2018.09-SP2/linux64/lib/vcs_tls.o   -Wl,-whole-archive -lvcsucli -Wl,-no-whole-archive        _vcs_pli_stub_.o   /opt/Synopsys/VCS2018/vcs/O-2018.09-SP2/linux64/lib/vcs_save_restore_new.o /opt/Synopsys/Verdi2018/verdi/Verdi_O-2018.09-SP2/share/PLI/VCS/LINUX64/pli.a -ldl  -lc -lm -lpthread -ldl 
../../sim/tb_mnist_cim_demo_a_top_simv up to date
CPU time: .559 seconds to compile + .184 seconds to elab + .213 seconds to link
