                         Chronologic VCS (TM)
       Version O-2018.09-SP2_Full64 -- Sat Mar  7 14:02:46 2026
               Copyright (c) 1991-2018 by Synopsys Inc.
                         ALL RIGHTS RESERVED

This program is proprietary and confidential information of Synopsys Inc.
and may be used and disclosed only as authorized in a license agreement
controlling such use and disclosure.

Parsing design file '../rtl/package.sv'
Parsing design file '../rtl/input_buffer.sv'
Parsing design file '../tb/tb_input_buffer.sv'
Top Level Modules:
       tb_input_buffer
TimeScale is 1 ns / 1 ps
Starting vcs inline pass...
3 modules and 0 UDP read.
recompiling module input_buffer
recompiling module tb_input_buffer
Both modules done.
	However, due to incremental compilation, only 2 modules need to be compiled. 
rm -f _csrc*.so pre_vcsobj_*.so share_vcsobj_*.so
if [ -x ../../sim/input_buffer_simv ]; then chmod -x ../../sim/input_buffer_simv; fi
g++  -o ../../sim/input_buffer_simv    -Wl,-rpath-link=./ -Wl,-rpath='$ORIGIN'/input_buffer_simv.daidir/ -Wl,-rpath=./input_buffer_simv.daidir/ -Wl,-rpath='$ORIGIN'/input_buffer_simv.daidir//scsim.db.dir  -rdynamic  -Wl,-rpath=/opt/Synopsys/VCS2018/vcs/O-2018.09-SP2/linux64/lib -L/opt/Synopsys/VCS2018/vcs/O-2018.09-SP2/linux64/lib   objs/amcQw_d.o   _10414_archive_1.so _prev_archive_1.so  SIM_l.o       rmapats_mop.o rmapats.o rmar.o rmar_nd.o  rmar_llvm_0_1.o rmar_llvm_0_0.o          -lzerosoft_rt_stubs -lvirsim -lerrorinf -lsnpsmalloc -lvfs    -lvcsnew -lsimprofile -luclinative /opt/Synopsys/VCS2018/vcs/O-2018.09-SP2/linux64/lib/vcs_tls.o   -Wl,-whole-archive -lvcsucli -Wl,-no-whole-archive        _vcs_pli_stub_.o   /opt/Synopsys/VCS2018/vcs/O-2018.09-SP2/linux64/lib/vcs_save_restore_new.o /opt/Synopsys/Verdi2018/verdi/Verdi_O-2018.09-SP2/share/PLI/VCS/LINUX64/pli.a -ldl  -lc -lm -lpthread -ldl 
../../sim/input_buffer_simv up to date
CPU time: .159 seconds to compile + .181 seconds to elab + .200 seconds to link
